C51 COMPILER V9.60.7.0   MAIN                                                              02/03/2026 15:11:54 PAGE 1   


C51 COMPILER V9.60.7.0, COMPILATION OF MODULE MAIN
OBJECT MODULE PLACED IN .\Objects\main.obj
COMPILER INVOKED BY: C:\Keil_v5\C51\BIN\C51.EXE main.c OPTIMIZE(8,SPEED) BROWSE DEBUG OBJECTEXTEND PRINT(.\Listings\main
                    -.lst) TABS(2) OBJECT(.\Objects\main.obj)

line level    source

   1          #include <reg51.h>
   2          
   3          sbit LED1 = P2^0;
   4          sbit LED2 = P2^1;
   5          sbit LED3 = P2^2;
   6          sbit LED4 = P2^3;
   7          sbit LED5 = P2^4;
   8          sbit LED6 = P2^5;
   9          sbit LED7 = P2^6;
  10          sbit LED8 = P2^7;
  11          sbit sw1 = P0^0;
  12          sbit sw2 = P0^1;
  13          sbit sw3 = P0^2;
  14          sbit sw4 = P0^3;
  15          sbit sw5 = P0^4;
  16          sbit sw6 = P0^5;
  17          sbit sw7 = P0^6;
  18          sbit sw8 = P0^7;
  19          void main ()
  20          {
  21   1        
  22   1        
  23   1        while (1)
  24   1        {
  25   2          if (sw1==1)
  26   2            LED1=1;
  27   2          else
  28   2            LED1=0;
  29   2          
  30   2          if (sw2==1)
  31   2            LED2=1;
  32   2          else
  33   2            LED2=0;
  34   2          
  35   2          if (sw3==1)
  36   2            LED3=1;
  37   2          else
  38   2            LED3=0;
  39   2          
  40   2          if (sw4==1)
  41   2            LED4=1;
  42   2          else
  43   2            LED4=0;
  44   2          
  45   2          if (sw5==1)
  46   2            LED5=1;
  47   2          else
  48   2            LED5=0;
  49   2          
  50   2          if (sw6==1)
  51   2            LED6=1;
  52   2          else
  53   2            LED6=0;
  54   2          
C51 COMPILER V9.60.7.0   MAIN                                                              02/03/2026 15:11:54 PAGE 2   

  55   2          if (sw7==1)
  56   2            LED7=1;
  57   2          else
  58   2            LED7=0;
  59   2        if (sw8==1)
  60   2            LED8=1;
  61   2          else
  62   2            LED8=0;
  63   2        
  64   2        }
  65   1      }


MODULE INFORMATION:   STATIC OVERLAYABLE
   CODE SIZE        =     74    ----
   CONSTANT SIZE    =   ----    ----
   XDATA SIZE       =   ----    ----
   PDATA SIZE       =   ----    ----
   DATA SIZE        =   ----    ----
   IDATA SIZE       =   ----    ----
   BIT SIZE         =   ----    ----
END OF MODULE INFORMATION.


C51 COMPILATION COMPLETE.  0 WARNING(S),  0 ERROR(S)
