A51 MACRO ASSEMBLER  ADDITION                                                             01/27/2026 09:54:17 PAGE     1


MACRO ASSEMBLER A51 V8.2.7.0
OBJECT MODULE PLACED IN .\Objects\addition.obj
ASSEMBLER INVOKED BY: C:\Keil_v5\C51\BIN\A51.EXE addition.a51 SET(SMALL) DEBUG PRINT(.\Listings\addition.lst) OBJECT(.\O
                      bjects\addition.obj) EP

LOC  OBJ            LINE     SOURCE

0000                   1     ORG 0000H
                       2             
0000 E530              3     MOV A, 30H
0002 2531              4     ADD A, 31H 
0004 F532              5     MOV 32H , A 
                       6     
0006 7400              7     MOV A, #00H
0008 3400              8     ADDC A,#00H
000A F533              9     MOV 33H, A
*** WARNING #A41 IN 9 (addition.a51, LINE 9): MISSING 'END' STATEMENT
A51 MACRO ASSEMBLER  ADDITION                                                             01/27/2026 09:54:17 PAGE     2

SYMBOL TABLE LISTING
------ ----- -------


N A M E             T Y P E  V A L U E   ATTRIBUTES



REGISTER BANK(S) USED: 0 


ASSEMBLY COMPLETE.  1 WARNING(S), 0 ERROR(S)
