C51 COMPILER V9.60.7.0   7SEGMENT                                                          02/17/2026 10:32:04 PAGE 1   


C51 COMPILER V9.60.7.0, COMPILATION OF MODULE 7SEGMENT
OBJECT MODULE PLACED IN .\Objects\7segment.obj
COMPILER INVOKED BY: C:\Keil_v5\C51\BIN\C51.EXE 7segment.c OPTIMIZE(8,SPEED) BROWSE DEBUG OBJECTEXTEND PRINT(.\Listings\
                    -7segment.lst) TABS(2) OBJECT(.\Objects\7segment.obj)

line level    source

   1          #include <reg51.h>
   2          
   3          void delay();
   4          
   5          unsigned char code seg_code[] = {
   6              0xC0,  // 0
   7              0xF9,  // 1
   8              0xA4,  // 2
   9              0xB0,  // 3
  10              0x99,  // 4
  11              0x92,  // 5
  12              0x82,  // 6
  13              0xF8,  // 7
  14              0x80,  // 8
  15              0x90   // 9
  16          };
  17          
  18          void main()
  19          {
  20   1          int i;
  21   1      
  22   1          while(1)
  23   1          {
  24   2              // Count 0 to 9
  25   2              for(i = 0; i < 10; i++)
  26   2              {
  27   3                  P2 = seg_code[i];
  28   3                  delay();
  29   3              }
  30   2      
  31   2              // Count 9 to 0
  32   2              for(i = 8; i >= 0; i--)
  33   2              {
  34   3                  P2 = seg_code[i];
  35   3                  delay();
  36   3              }
  37   2          }
  38   1      }
  39          
  40          void delay()
  41          {
  42   1          unsigned int i,j;
  43   1          for(i = 0; i < 100; i++)
  44   1              for(j = 0; j < 1275; j++);
  45   1      }


MODULE INFORMATION:   STATIC OVERLAYABLE
   CODE SIZE        =    100    ----
   CONSTANT SIZE    =     10    ----
   XDATA SIZE       =   ----    ----
   PDATA SIZE       =   ----    ----
   DATA SIZE        =   ----       2
   IDATA SIZE       =   ----    ----
C51 COMPILER V9.60.7.0   7SEGMENT                                                          02/17/2026 10:32:04 PAGE 2   

   BIT SIZE         =   ----    ----
END OF MODULE INFORMATION.


C51 COMPILATION COMPLETE.  0 WARNING(S),  0 ERROR(S)
