C51 COMPILER V9.60.7.0   MAIN                                                              01/20/2026 13:28:07 PAGE 1   


C51 COMPILER V9.60.7.0, COMPILATION OF MODULE MAIN
OBJECT MODULE PLACED IN .\Objects\main.obj
COMPILER INVOKED BY: C:\Keil_v5\C51\BIN\C51.EXE main.c OPTIMIZE(8,SPEED) BROWSE DEBUG OBJECTEXTEND PRINT(.\Listings\main
                    -.lst) TABS(2) OBJECT(.\Objects\main.obj)

line level    source

   1          #include <reg51.h>
   2          
   3          sbit LED = P2^0;
   4          
   5          void delay (int time)
   6          {
   7   1        int i=0;
   8   1        int j=0;
   9   1        for ( i=0; i< time; i++ )
  10   1          for ( j=0; j<100; j++ );
  11   1      }
  12          
  13          void main (void)
  14          {
  15   1        while (1)
  16   1        {
  17   2          LED = 1;
  18   2          delay (500);
  19   2          LED = 0;
  20   2          delay (500);
  21   2        }
  22   1      }


MODULE INFORMATION:   STATIC OVERLAYABLE
   CODE SIZE        =     54    ----
   CONSTANT SIZE    =   ----    ----
   XDATA SIZE       =   ----    ----
   PDATA SIZE       =   ----    ----
   DATA SIZE        =   ----    ----
   IDATA SIZE       =   ----    ----
   BIT SIZE         =   ----    ----
END OF MODULE INFORMATION.


C51 COMPILATION COMPLETE.  0 WARNING(S),  0 ERROR(S)
