A51 MACRO ASSEMBLER  MAIN                                                                 03/17/2026 03:42:52 PAGE     1


MACRO ASSEMBLER A51 V8.2.7.0
OBJECT MODULE PLACED IN .\Objects\main.obj
ASSEMBLER INVOKED BY: C:\Keil_v5\C51\BIN\A51.EXE main.a51 SET(SMALL) DEBUG PRINT(.\Listings\main.lst) OBJECT(.\Objects\m
                      ain.obj) EP

LOC  OBJ            LINE     SOURCE

0000                   1     ORG 0000H
                       2     
0000 75A0FF            3     START : MOV P2 , #0FFH;
0003 75B000            4     MOV P3, #00H;
                       5     
0006 20A006            6     CHECK : JB P2.0, TURN_OFF;
0009 8000              7     SJMP TURN_ON ;
                       8     
000B D2B0              9     TURN_ON : SETB P3.0; 
000D 80F7             10     SJMP CHECK;
                      11     
000F C2B0             12     TURN_OFF : CLR P3.0;
0011 80F3             13     SJMP CHECK;
                      14     
0013 80FE             15     HERE : SJMP HERE;
                      16     END
A51 MACRO ASSEMBLER  MAIN                                                                 03/17/2026 03:42:52 PAGE     2

SYMBOL TABLE LISTING
------ ----- -------


N A M E             T Y P E  V A L U E   ATTRIBUTES

CHECK. . . . . . .  C ADDR   0006H   A   
HERE . . . . . . .  C ADDR   0013H   A   
P2 . . . . . . . .  D ADDR   00A0H   A   
P3 . . . . . . . .  D ADDR   00B0H   A   
START. . . . . . .  C ADDR   0000H   A   
TURN_OFF . . . . .  C ADDR   000FH   A   
TURN_ON. . . . . .  C ADDR   000BH   A   


REGISTER BANK(S) USED: 0 


ASSEMBLY COMPLETE.  0 WARNING(S), 0 ERROR(S)
