C51 COMPILER V9.60.7.0   DOUBLE_7SEG                                                       02/17/2026 10:43:03 PAGE 1   


C51 COMPILER V9.60.7.0, COMPILATION OF MODULE DOUBLE_7SEG
OBJECT MODULE PLACED IN .\Objects\double_7seg.obj
COMPILER INVOKED BY: C:\Keil_v5\C51\BIN\C51.EXE double_7seg.c OPTIMIZE(8,SPEED) BROWSE DEBUG OBJECTEXTEND PRINT(.\Listin
                    -gs\double_7seg.lst) TABS(2) OBJECT(.\Objects\double_7seg.obj)

line level    source

   1          #include <reg51.h>
   2          
   3          void delay();
   4          
   5          unsigned char code seg_code[] = {
   6              0x3F,  // 0
   7              0x06,  // 1
   8              0x5B,  // 2
   9              0x4F,  // 3
  10              0x66,  // 4
  11              0x6D,  // 5
  12              0x7D,  // 6
  13              0x07,  // 7
  14              0x7F,  // 8
  15              0x6F   // 9
  16          };
  17          
  18          void main()
  19          {
  20   1          unsigned char tens, units;
  21   1          unsigned char num;
  22   1      
  23   1          while(1)
  24   1          {
  25   2              for(num = 0; num < 100; num++)
  26   2              {
  27   3                  tens  = num / 10;
  28   3                  units = num % 10;
  29   3      
  30   3                  P2 = seg_code[tens];   // Tens digit
  31   3                  P3 = seg_code[units];  // Units digit
  32   3      
  33   3                  delay();
  34   3              }
  35   2          }
  36   1      }
  37          
  38          void delay()
  39          {
  40   1          unsigned int i,j;
  41   1          for(i = 0; i < 5; i++)
  42   1              for(j = 0; j < 1275; j++);
  43   1      }


MODULE INFORMATION:   STATIC OVERLAYABLE
   CODE SIZE        =     76    ----
   CONSTANT SIZE    =     10    ----
   XDATA SIZE       =   ----    ----
   PDATA SIZE       =   ----    ----
   DATA SIZE        =   ----       3
   IDATA SIZE       =   ----    ----
   BIT SIZE         =   ----    ----
END OF MODULE INFORMATION.

C51 COMPILER V9.60.7.0   DOUBLE_7SEG                                                       02/17/2026 10:43:03 PAGE 2   


C51 COMPILATION COMPLETE.  0 WARNING(S),  0 ERROR(S)
